Information	18/05/2016 13:43:11	Ideas Refreshed
Information	18/05/2016 13:43:19	CA FP unwinded IdeaId:1883144 result:{"status":"Successful"}
26.6164559147917,24.35,3070.14341865471,2904,-0.031036581261817,325454
Information	18/05/2016 13:43:19	SendMail:  Creating SMTP Object 
Information	18/05/2016 13:45:06	Tick identified
Information	18/05/2016 13:47:06	Tick identified
Information	18/05/2016 13:47:43	Ideas Refreshed
Information	18/05/2016 13:48:00	MRK GY unwinded IdeaId:1883155 result:{"status":"Successful"}
81.4483842275058,82.33,3075.42355960857,2904,0.0665640479580486,325473
Information	18/05/2016 13:48:00	SendMail:  Creating SMTP Object 
Information	18/05/2016 13:48:05	CA FP unwinded IdeaId:1883144 result:{"status":"Successful"}
26.6164559147917,24.325,3070.14341865471,2904,-0.0319758498135744,325454
Information	18/05/2016 13:48:05	SendMail:  Creating SMTP Object 
Information	18/05/2016 13:49:29	Tick identified
Information	18/05/2016 13:51:29	Tick identified
Information	18/05/2016 13:52:57	Ideas Refreshed
Information	18/05/2016 13:53:29	Tick identified
Information	18/05/2016 13:55:29	Tick identified
Information	18/05/2016 13:57:29	Tick identified
Information	18/05/2016 13:59:29	Tick identified
Information	18/05/2016 14:01:29	Tick identified
