Information	20/05/16 9:49:07 AM	Ideas Refreshed
Information	20/05/16 9:49:08 AM	BB DisConnected
Information	20/05/16 9:51:05 AM	Ideas Refreshed
Information	20/05/16 9:51:05 AM	Refreshed - False
Information	20/05/16 9:51:05 AM	Tick identified
Information	20/05/16 9:51:06 AM	BB DisConnected
Information	20/05/16 9:53:06 AM	Ideas Refreshed
Information	20/05/16 9:53:06 AM	Refreshed - False
Information	20/05/16 9:53:06 AM	Tick identified
Information	20/05/16 9:53:07 AM	BB DisConnected
Information	20/05/16 9:55:09 AM	Ideas Refreshed
Information	20/05/16 9:55:09 AM	Refreshed - False
Information	20/05/16 9:55:09 AM	Tick identified
Information	20/05/16 9:55:10 AM	BB DisConnected
Information	20/05/16 9:57:05 AM	Ideas Refreshed
Information	20/05/16 9:57:05 AM	Refreshed - False
Information	20/05/16 9:57:05 AM	Tick identified
Information	20/05/16 9:57:06 AM	BB DisConnected
Information	20/05/16 9:59:07 AM	Ideas Refreshed
Information	20/05/16 9:59:07 AM	Refreshed - False
Information	20/05/16 9:59:07 AM	Tick identified
Information	20/05/16 9:59:08 AM	BB DisConnected
Information	20/05/16 10:01:05 AM	Ideas Refreshed
Information	20/05/16 10:01:05 AM	Refreshed - False
Information	20/05/16 10:01:05 AM	Tick identified
Information	20/05/16 10:01:06 AM	BB DisConnected
Information	20/05/16 10:03:06 AM	Ideas Refreshed
Information	20/05/16 10:03:06 AM	Refreshed - False
Information	20/05/16 10:03:06 AM	Tick identified
Information	20/05/16 10:03:07 AM	BB DisConnected
Information	20/05/16 10:05:05 AM	Ideas Refreshed
Information	20/05/16 10:05:05 AM	Refreshed - False
Information	20/05/16 10:05:05 AM	Tick identified
Information	20/05/16 10:05:06 AM	BB DisConnected
Information	20/05/16 10:07:05 AM	Ideas Refreshed
Information	20/05/16 10:07:05 AM	Refreshed - False
Information	20/05/16 10:07:05 AM	Tick identified
Information	20/05/16 10:07:06 AM	BB DisConnected
Information	20/05/16 10:09:05 AM	Ideas Refreshed
Information	20/05/16 10:09:05 AM	Refreshed - False
Information	20/05/16 10:09:05 AM	Tick identified
Information	20/05/16 10:09:06 AM	BB DisConnected
Information	20/05/16 10:11:05 AM	Ideas Refreshed
Information	20/05/16 10:11:05 AM	Refreshed - False
Information	20/05/16 10:11:05 AM	Tick identified
Information	20/05/16 10:11:06 AM	BB DisConnected
Information	20/05/16 10:13:05 AM	Ideas Refreshed
Information	20/05/16 10:13:05 AM	Refreshed - False
Information	20/05/16 10:13:05 AM	Tick identified
Information	20/05/16 10:13:06 AM	BB DisConnected
Information	20/05/16 10:15:05 AM	Ideas Refreshed
Information	20/05/16 10:15:05 AM	Refreshed - False
Information	20/05/16 10:15:05 AM	Tick identified
Information	20/05/16 10:15:06 AM	BB DisConnected
Information	20/05/16 10:17:05 AM	Ideas Refreshed
Information	20/05/16 10:17:05 AM	Refreshed - False
Information	20/05/16 10:17:05 AM	Tick identified
Information	20/05/16 10:17:06 AM	BB DisConnected
Information	20/05/16 10:19:05 AM	Ideas Refreshed
Information	20/05/16 10:19:05 AM	Refreshed - False
Information	20/05/16 10:19:05 AM	Tick identified
Information	20/05/16 10:19:06 AM	BB DisConnected
Information	20/05/16 10:21:05 AM	Ideas Refreshed
Information	20/05/16 10:21:05 AM	Refreshed - False
Information	20/05/16 10:21:05 AM	Tick identified
Information	20/05/16 10:21:06 AM	BB DisConnected
Information	20/05/16 10:23:05 AM	Ideas Refreshed
Information	20/05/16 10:23:05 AM	Refreshed - False
Information	20/05/16 10:23:05 AM	Tick identified
Information	20/05/16 10:23:06 AM	BB DisConnected
Information	20/05/16 10:25:05 AM	Ideas Refreshed
Information	20/05/16 10:25:05 AM	Refreshed - False
Information	20/05/16 10:25:05 AM	Tick identified
Information	20/05/16 10:25:06 AM	BB DisConnected
Information	20/05/16 10:27:05 AM	Ideas Refreshed
Information	20/05/16 10:27:05 AM	Refreshed - False
Information	20/05/16 10:27:05 AM	Tick identified
Information	20/05/16 10:27:06 AM	BB DisConnected
Information	20/05/16 10:29:05 AM	Ideas Refreshed
Information	20/05/16 10:29:05 AM	Refreshed - False
Information	20/05/16 10:29:05 AM	Tick identified
Information	20/05/16 10:29:06 AM	BB DisConnected
Information	20/05/16 10:31:05 AM	Ideas Refreshed
Information	20/05/16 10:31:05 AM	Refreshed - False
Information	20/05/16 10:31:05 AM	Tick identified
Information	20/05/16 10:31:06 AM	BB DisConnected
Information	20/05/16 10:33:05 AM	Ideas Refreshed
Information	20/05/16 10:33:05 AM	Refreshed - False
Information	20/05/16 10:33:05 AM	Tick identified
Information	20/05/16 10:33:06 AM	BB DisConnected
Information	20/05/16 10:35:05 AM	Ideas Refreshed
Information	20/05/16 10:35:05 AM	Refreshed - False
Information	20/05/16 10:35:05 AM	Tick identified
Information	20/05/16 10:35:06 AM	BB DisConnected
Information	20/05/16 10:37:06 AM	Ideas Refreshed
Information	20/05/16 10:37:06 AM	Refreshed - False
Information	20/05/16 10:37:06 AM	Tick identified
Information	20/05/16 10:37:07 AM	BB DisConnected
Information	20/05/16 10:39:05 AM	Ideas Refreshed
Information	20/05/16 10:39:05 AM	Refreshed - False
Information	20/05/16 10:39:05 AM	Tick identified
Information	20/05/16 10:39:06 AM	BB DisConnected
Information	20/05/16 10:41:05 AM	Ideas Refreshed
Information	20/05/16 10:41:05 AM	Refreshed - False
Information	20/05/16 10:41:05 AM	Tick identified
Information	20/05/16 10:41:06 AM	BB DisConnected
Information	20/05/16 10:43:06 AM	Ideas Refreshed
Information	20/05/16 10:43:06 AM	Refreshed - False
Information	20/05/16 10:43:06 AM	Tick identified
Information	20/05/16 10:43:07 AM	BB DisConnected
Information	20/05/16 10:45:05 AM	Ideas Refreshed
Information	20/05/16 10:45:05 AM	Refreshed - False
Information	20/05/16 10:45:05 AM	Tick identified
Information	20/05/16 10:45:07 AM	BB DisConnected
Information	20/05/16 10:47:06 AM	Ideas Refreshed
Information	20/05/16 10:47:06 AM	Refreshed - False
Information	20/05/16 10:47:06 AM	Tick identified
Information	20/05/16 10:47:07 AM	BB DisConnected
Information	20/05/16 10:49:05 AM	Ideas Refreshed
Information	20/05/16 10:49:05 AM	Refreshed - False
Information	20/05/16 10:49:05 AM	Tick identified
Information	20/05/16 10:49:06 AM	BB DisConnected
Information	20/05/16 10:51:05 AM	Ideas Refreshed
Information	20/05/16 10:51:05 AM	Refreshed - False
Information	20/05/16 10:51:05 AM	Tick identified
Information	20/05/16 10:51:07 AM	BB DisConnected
Information	20/05/16 10:53:05 AM	Ideas Refreshed
Information	20/05/16 10:53:05 AM	Refreshed - False
Information	20/05/16 10:53:05 AM	Tick identified
Information	20/05/16 10:53:07 AM	BB DisConnected
Information	20/05/16 10:55:05 AM	Ideas Refreshed
Information	20/05/16 10:55:05 AM	Refreshed - False
Information	20/05/16 10:55:05 AM	Tick identified
Information	20/05/16 10:55:06 AM	BB DisConnected
Information	20/05/16 10:57:06 AM	Ideas Refreshed
Information	20/05/16 10:57:06 AM	Refreshed - False
Information	20/05/16 10:57:06 AM	Tick identified
Information	20/05/16 10:57:07 AM	BB DisConnected
Information	20/05/16 10:59:06 AM	Ideas Refreshed
Information	20/05/16 10:59:06 AM	Refreshed - False
Information	20/05/16 10:59:06 AM	Tick identified
Information	20/05/16 10:59:07 AM	BB DisConnected
Information	20/05/16 11:01:05 AM	Ideas Refreshed
Information	20/05/16 11:01:06 AM	Refreshed - False
Information	20/05/16 11:01:06 AM	Tick identified
Information	20/05/16 11:01:07 AM	BB DisConnected
Information	20/05/16 11:03:05 AM	Ideas Refreshed
Information	20/05/16 11:03:05 AM	Refreshed - False
Information	20/05/16 11:03:05 AM	Tick identified
Information	20/05/16 11:03:07 AM	BB DisConnected
Information	20/05/16 11:05:06 AM	Ideas Refreshed
Information	20/05/16 11:05:06 AM	Refreshed - False
Information	20/05/16 11:05:06 AM	Tick identified
Information	20/05/16 11:05:07 AM	BB DisConnected
Information	20/05/16 11:07:06 AM	Ideas Refreshed
Information	20/05/16 11:07:06 AM	Refreshed - False
Information	20/05/16 11:07:06 AM	Tick identified
Information	20/05/16 11:07:07 AM	BB DisConnected
Information	20/05/16 11:09:05 AM	Ideas Refreshed
Information	20/05/16 11:09:05 AM	Refreshed - False
Information	20/05/16 11:09:05 AM	Tick identified
Information	20/05/16 11:09:07 AM	BB DisConnected
Information	20/05/16 11:11:05 AM	Ideas Refreshed
Information	20/05/16 11:11:05 AM	Refreshed - False
Information	20/05/16 11:11:05 AM	Tick identified
Information	20/05/16 11:11:07 AM	BB DisConnected
Information	20/05/16 11:13:05 AM	Ideas Refreshed
Information	20/05/16 11:13:05 AM	Refreshed - False
Information	20/05/16 11:13:05 AM	Tick identified
Information	20/05/16 11:13:07 AM	BB DisConnected
Information	20/05/16 11:15:06 AM	Ideas Refreshed
Information	20/05/16 11:15:06 AM	Refreshed - False
Information	20/05/16 11:15:06 AM	Tick identified
Information	20/05/16 11:15:07 AM	BB DisConnected
Information	20/05/16 11:17:06 AM	Ideas Refreshed
Information	20/05/16 11:17:06 AM	Refreshed - False
Information	20/05/16 11:17:06 AM	Tick identified
Information	20/05/16 11:17:07 AM	BB DisConnected
Information	20/05/16 11:19:05 AM	Ideas Refreshed
Information	20/05/16 11:19:05 AM	Refreshed - False
Information	20/05/16 11:19:05 AM	Tick identified
Information	20/05/16 11:19:07 AM	BB DisConnected
Information	20/05/16 11:21:06 AM	Ideas Refreshed
Information	20/05/16 11:21:06 AM	Refreshed - False
Information	20/05/16 11:21:06 AM	Tick identified
Information	20/05/16 11:21:07 AM	BB DisConnected
Information	20/05/16 11:23:08 AM	Ideas Refreshed
Information	20/05/16 11:23:08 AM	Refreshed - False
Information	20/05/16 11:23:08 AM	Tick identified
Information	20/05/16 11:23:09 AM	BB DisConnected
Information	20/05/16 11:25:06 AM	Ideas Refreshed
Information	20/05/16 11:25:06 AM	Refreshed - False
Information	20/05/16 11:25:06 AM	Tick identified
Information	20/05/16 11:25:07 AM	BB DisConnected
Information	20/05/16 11:27:06 AM	Ideas Refreshed
Information	20/05/16 11:27:06 AM	Refreshed - False
Information	20/05/16 11:27:06 AM	Tick identified
Information	20/05/16 11:27:07 AM	BB DisConnected
Information	20/05/16 11:29:06 AM	Ideas Refreshed
Information	20/05/16 11:29:06 AM	Refreshed - False
Information	20/05/16 11:29:06 AM	Tick identified
Information	20/05/16 11:29:07 AM	BB DisConnected
Information	20/05/16 11:31:06 AM	Ideas Refreshed
Information	20/05/16 11:31:06 AM	Refreshed - False
Information	20/05/16 11:31:06 AM	Tick identified
Information	20/05/16 11:31:07 AM	BB DisConnected
Information	20/05/16 11:33:06 AM	Ideas Refreshed
Information	20/05/16 11:33:06 AM	Refreshed - False
Information	20/05/16 11:33:06 AM	Tick identified
Information	20/05/16 11:33:07 AM	BB DisConnected
Information	20/05/16 11:35:06 AM	Ideas Refreshed
Information	20/05/16 11:35:06 AM	Refreshed - False
Information	20/05/16 11:35:06 AM	Tick identified
Information	20/05/16 11:35:07 AM	BB DisConnected
Information	20/05/16 11:37:06 AM	Ideas Refreshed
Information	20/05/16 11:37:06 AM	Refreshed - False
Information	20/05/16 11:37:06 AM	Tick identified
Information	20/05/16 11:37:07 AM	BB DisConnected
Information	20/05/16 11:39:06 AM	Ideas Refreshed
Information	20/05/16 11:39:06 AM	Refreshed - False
Information	20/05/16 11:39:06 AM	Tick identified
Information	20/05/16 11:39:07 AM	BB DisConnected
Information	20/05/16 11:41:06 AM	Ideas Refreshed
Information	20/05/16 11:41:06 AM	Refreshed - False
Information	20/05/16 11:41:06 AM	Tick identified
Information	20/05/16 11:41:07 AM	BB DisConnected
Information	20/05/16 11:43:06 AM	Ideas Refreshed
Information	20/05/16 11:43:06 AM	Refreshed - False
Information	20/05/16 11:43:06 AM	Tick identified
Information	20/05/16 11:43:07 AM	BB DisConnected
Information	20/05/16 11:45:06 AM	Ideas Refreshed
Information	20/05/16 11:45:06 AM	Refreshed - False
Information	20/05/16 11:45:06 AM	Tick identified
Information	20/05/16 11:45:07 AM	BB DisConnected
Information	20/05/16 11:47:06 AM	Ideas Refreshed
Information	20/05/16 11:47:06 AM	Refreshed - False
Information	20/05/16 11:47:06 AM	Tick identified
Information	20/05/16 11:47:07 AM	BB DisConnected
Information	20/05/16 11:49:06 AM	Ideas Refreshed
Information	20/05/16 11:49:06 AM	Refreshed - False
Information	20/05/16 11:49:06 AM	Tick identified
Information	20/05/16 11:49:07 AM	BB DisConnected
Information	20/05/16 11:51:06 AM	Ideas Refreshed
Information	20/05/16 11:51:06 AM	Refreshed - False
Information	20/05/16 11:51:06 AM	Tick identified
Information	20/05/16 11:51:07 AM	BB DisConnected
Information	20/05/16 11:53:06 AM	Ideas Refreshed
Information	20/05/16 11:53:06 AM	Refreshed - False
Information	20/05/16 11:53:06 AM	Tick identified
Information	20/05/16 11:53:07 AM	BB DisConnected
Information	20/05/16 11:55:06 AM	Ideas Refreshed
Information	20/05/16 11:55:06 AM	Refreshed - False
Information	20/05/16 11:55:06 AM	Tick identified
Information	20/05/16 11:55:07 AM	BB DisConnected
Information	20/05/16 11:57:06 AM	Ideas Refreshed
Information	20/05/16 11:57:06 AM	Refreshed - False
Information	20/05/16 11:57:06 AM	Tick identified
Information	20/05/16 11:57:07 AM	BB DisConnected
Information	20/05/16 11:59:06 AM	Ideas Refreshed
Information	20/05/16 11:59:06 AM	Refreshed - False
Information	20/05/16 11:59:06 AM	Tick identified
Information	20/05/16 11:59:07 AM	BB DisConnected
Information	20/05/16 12:01:06 PM	Ideas Refreshed
Information	20/05/16 12:01:06 PM	Refreshed - False
Information	20/05/16 12:01:06 PM	Tick identified
Information	20/05/16 12:01:07 PM	BB DisConnected
Information	20/05/16 12:03:06 PM	Ideas Refreshed
Information	20/05/16 12:03:06 PM	Refreshed - False
Information	20/05/16 12:03:06 PM	Tick identified
Information	20/05/16 12:03:07 PM	BB DisConnected
Information	20/05/16 12:05:06 PM	Ideas Refreshed
Information	20/05/16 12:05:06 PM	Refreshed - False
Information	20/05/16 12:05:06 PM	Tick identified
Information	20/05/16 12:05:07 PM	BB DisConnected
Information	20/05/16 12:07:06 PM	Ideas Refreshed
Information	20/05/16 12:07:06 PM	Refreshed - False
Information	20/05/16 12:07:06 PM	Tick identified
Information	20/05/16 12:07:07 PM	BB DisConnected
Information	20/05/16 12:09:06 PM	Ideas Refreshed
Information	20/05/16 12:09:06 PM	Refreshed - False
Information	20/05/16 12:09:06 PM	Tick identified
Information	20/05/16 12:09:07 PM	BB DisConnected
Information	20/05/16 12:11:06 PM	Ideas Refreshed
Information	20/05/16 12:11:06 PM	Refreshed - False
Information	20/05/16 12:11:06 PM	Tick identified
Information	20/05/16 12:11:07 PM	BB DisConnected
Information	20/05/16 12:13:06 PM	Ideas Refreshed
Information	20/05/16 12:13:06 PM	Refreshed - False
Information	20/05/16 12:13:06 PM	Tick identified
Information	20/05/16 12:13:07 PM	BB DisConnected
Information	20/05/16 12:15:06 PM	Ideas Refreshed
Information	20/05/16 12:15:06 PM	Refreshed - False
Information	20/05/16 12:15:06 PM	Tick identified
Information	20/05/16 12:15:07 PM	BB DisConnected
Information	20/05/16 12:17:06 PM	Ideas Refreshed
Information	20/05/16 12:17:06 PM	Refreshed - False
Information	20/05/16 12:17:06 PM	Tick identified
Information	20/05/16 12:17:07 PM	BB DisConnected
Information	20/05/16 12:19:06 PM	Ideas Refreshed
Information	20/05/16 12:19:06 PM	Refreshed - False
Information	20/05/16 12:19:06 PM	Tick identified
Information	20/05/16 12:19:07 PM	BB DisConnected
Information	20/05/16 12:21:07 PM	Ideas Refreshed
Information	20/05/16 12:21:07 PM	Refreshed - False
Information	20/05/16 12:21:07 PM	Tick identified
Information	20/05/16 12:21:08 PM	BB DisConnected
Information	20/05/16 12:23:06 PM	Ideas Refreshed
Information	20/05/16 12:23:06 PM	Refreshed - False
Information	20/05/16 12:23:06 PM	Tick identified
Information	20/05/16 12:23:07 PM	BB DisConnected
Information	20/05/16 12:25:06 PM	Ideas Refreshed
Information	20/05/16 12:25:06 PM	Refreshed - False
Information	20/05/16 12:25:06 PM	Tick identified
Information	20/05/16 12:25:07 PM	BB DisConnected
Information	20/05/16 12:27:06 PM	Ideas Refreshed
Information	20/05/16 12:27:06 PM	Refreshed - False
Information	20/05/16 12:27:06 PM	Tick identified
Information	20/05/16 12:27:07 PM	BB DisConnected
Information	20/05/16 12:29:06 PM	Ideas Refreshed
Information	20/05/16 12:29:06 PM	Refreshed - False
Information	20/05/16 12:29:06 PM	Tick identified
Information	20/05/16 12:29:07 PM	BB DisConnected
Information	20/05/16 12:31:06 PM	Ideas Refreshed
Information	20/05/16 12:31:06 PM	Refreshed - False
Information	20/05/16 12:31:06 PM	Tick identified
Information	20/05/16 12:31:07 PM	BB DisConnected
Information	20/05/16 12:33:06 PM	Ideas Refreshed
Information	20/05/16 12:33:06 PM	Refreshed - False
Information	20/05/16 12:33:06 PM	Tick identified
Information	20/05/16 12:33:07 PM	BB DisConnected
Information	20/05/16 12:35:06 PM	Ideas Refreshed
Information	20/05/16 12:35:06 PM	Refreshed - False
Information	20/05/16 12:35:06 PM	Tick identified
Information	20/05/16 12:35:07 PM	BB DisConnected
Information	20/05/16 12:37:06 PM	Ideas Refreshed
Information	20/05/16 12:37:06 PM	Refreshed - False
Information	20/05/16 12:37:06 PM	Tick identified
Information	20/05/16 12:37:07 PM	BB DisConnected
Information	20/05/16 12:39:06 PM	Ideas Refreshed
Information	20/05/16 12:39:06 PM	Refreshed - False
Information	20/05/16 12:39:06 PM	Tick identified
Information	20/05/16 12:39:07 PM	BB DisConnected
Information	20/05/16 12:41:06 PM	Ideas Refreshed
Information	20/05/16 12:41:06 PM	Refreshed - False
Information	20/05/16 12:41:06 PM	Tick identified
Information	20/05/16 12:41:07 PM	BB DisConnected
Information	20/05/16 12:43:07 PM	Ideas Refreshed
Information	20/05/16 12:43:07 PM	Refreshed - False
Information	20/05/16 12:43:07 PM	Tick identified
Information	20/05/16 12:43:08 PM	BB DisConnected
Information	20/05/16 12:45:06 PM	Ideas Refreshed
Information	20/05/16 12:45:06 PM	Refreshed - False
Information	20/05/16 12:45:06 PM	Tick identified
Information	20/05/16 12:45:07 PM	BB DisConnected
Information	20/05/16 12:47:06 PM	Ideas Refreshed
Information	20/05/16 12:47:06 PM	Refreshed - False
Information	20/05/16 12:47:06 PM	Tick identified
Information	20/05/16 12:47:07 PM	BB DisConnected
Information	20/05/16 12:49:06 PM	Ideas Refreshed
Information	20/05/16 12:49:06 PM	Refreshed - False
Information	20/05/16 12:49:06 PM	Tick identified
Information	20/05/16 12:49:07 PM	BB DisConnected
Information	20/05/16 12:51:06 PM	Ideas Refreshed
Information	20/05/16 12:51:06 PM	Refreshed - False
Information	20/05/16 12:51:06 PM	Tick identified
Information	20/05/16 12:51:07 PM	BB DisConnected
Information	20/05/16 12:53:06 PM	Ideas Refreshed
Information	20/05/16 12:53:06 PM	Refreshed - False
Information	20/05/16 12:53:06 PM	Tick identified
Information	20/05/16 12:53:07 PM	BB DisConnected
Information	20/05/16 12:55:06 PM	Ideas Refreshed
Information	20/05/16 12:55:06 PM	Refreshed - False
Information	20/05/16 12:55:06 PM	Tick identified
Information	20/05/16 12:55:07 PM	BB DisConnected
Information	20/05/16 12:57:06 PM	Ideas Refreshed
Information	20/05/16 12:57:06 PM	Refreshed - False
Information	20/05/16 12:57:06 PM	Tick identified
Information	20/05/16 12:57:07 PM	BB DisConnected
Information	20/05/16 12:59:06 PM	Ideas Refreshed
Information	20/05/16 12:59:06 PM	Refreshed - False
Information	20/05/16 12:59:06 PM	Tick identified
Information	20/05/16 12:59:07 PM	BB DisConnected
Information	20/05/16 1:01:06 PM	Ideas Refreshed
Information	20/05/16 1:01:06 PM	Refreshed - False
Information	20/05/16 1:01:06 PM	Tick identified
Information	20/05/16 1:01:07 PM	BB DisConnected
Information	20/05/16 1:03:06 PM	Ideas Refreshed
Information	20/05/16 1:03:06 PM	Refreshed - False
Information	20/05/16 1:03:06 PM	Tick identified
Information	20/05/16 1:03:08 PM	BB DisConnected
Information	20/05/16 1:05:07 PM	Ideas Refreshed
Information	20/05/16 1:05:07 PM	Refreshed - False
Information	20/05/16 1:05:07 PM	Tick identified
Information	20/05/16 1:05:08 PM	BB DisConnected
Information	20/05/16 1:07:07 PM	Ideas Refreshed
Information	20/05/16 1:07:07 PM	Refreshed - False
Information	20/05/16 1:07:07 PM	Tick identified
Information	20/05/16 1:07:08 PM	BB DisConnected
Information	20/05/16 1:09:06 PM	Ideas Refreshed
Information	20/05/16 1:09:06 PM	Refreshed - False
Information	20/05/16 1:09:06 PM	Tick identified
Information	20/05/16 1:09:07 PM	BB DisConnected
Information	20/05/16 1:11:06 PM	Ideas Refreshed
Information	20/05/16 1:11:06 PM	Refreshed - False
Information	20/05/16 1:11:06 PM	Tick identified
Information	20/05/16 1:11:07 PM	BB DisConnected
Information	20/05/16 1:13:06 PM	Ideas Refreshed
Information	20/05/16 1:13:06 PM	Refreshed - False
Information	20/05/16 1:13:06 PM	Tick identified
Information	20/05/16 1:13:07 PM	BB DisConnected
Information	20/05/16 1:15:06 PM	Ideas Refreshed
Information	20/05/16 1:15:06 PM	Refreshed - False
Information	20/05/16 1:15:06 PM	Tick identified
Information	20/05/16 1:15:07 PM	BB DisConnected
Information	20/05/16 1:17:06 PM	Ideas Refreshed
Information	20/05/16 1:17:06 PM	Refreshed - False
Information	20/05/16 1:17:06 PM	Tick identified
Information	20/05/16 1:17:08 PM	BB DisConnected
Information	20/05/16 1:19:06 PM	Ideas Refreshed
Information	20/05/16 1:19:06 PM	Refreshed - False
Information	20/05/16 1:19:06 PM	Tick identified
Information	20/05/16 1:19:07 PM	BB DisConnected
Information	20/05/16 1:21:07 PM	Ideas Refreshed
Information	20/05/16 1:21:07 PM	Refreshed - False
Information	20/05/16 1:21:07 PM	Tick identified
Information	20/05/16 1:21:08 PM	BB DisConnected
Information	20/05/16 1:23:07 PM	Ideas Refreshed
Information	20/05/16 1:23:07 PM	Refreshed - False
Information	20/05/16 1:23:07 PM	Tick identified
Information	20/05/16 1:23:08 PM	BB DisConnected
Information	20/05/16 1:25:06 PM	Ideas Refreshed
Information	20/05/16 1:25:06 PM	Refreshed - False
Information	20/05/16 1:25:06 PM	Tick identified
Information	20/05/16 1:25:07 PM	BB DisConnected
Information	20/05/16 1:27:06 PM	Ideas Refreshed
Information	20/05/16 1:27:06 PM	Refreshed - False
Information	20/05/16 1:27:06 PM	Tick identified
Information	20/05/16 1:27:07 PM	BB DisConnected
Information	20/05/16 1:29:07 PM	Ideas Refreshed
Information	20/05/16 1:29:07 PM	Refreshed - False
Information	20/05/16 1:29:07 PM	Tick identified
Information	20/05/16 1:29:08 PM	BB DisConnected
Information	20/05/16 1:31:06 PM	Ideas Refreshed
Information	20/05/16 1:31:06 PM	Refreshed - False
Information	20/05/16 1:31:06 PM	Tick identified
Information	20/05/16 1:31:07 PM	BB DisConnected
Information	20/05/16 1:33:06 PM	Ideas Refreshed
Information	20/05/16 1:33:06 PM	Refreshed - False
Information	20/05/16 1:33:06 PM	Tick identified
Information	20/05/16 1:33:07 PM	BB DisConnected
Information	20/05/16 1:35:07 PM	Ideas Refreshed
Information	20/05/16 1:35:07 PM	Refreshed - False
Information	20/05/16 1:35:07 PM	Tick identified
Information	20/05/16 1:35:08 PM	BB DisConnected
Information	20/05/16 1:37:06 PM	Ideas Refreshed
Information	20/05/16 1:37:06 PM	Refreshed - False
Information	20/05/16 1:37:06 PM	Tick identified
Information	20/05/16 1:37:08 PM	BB DisConnected
Information	20/05/16 1:39:07 PM	Ideas Refreshed
Information	20/05/16 1:39:07 PM	Refreshed - False
Information	20/05/16 1:39:07 PM	Tick identified
Information	20/05/16 1:39:08 PM	BB DisConnected
Information	20/05/16 1:41:09 PM	Ideas Refreshed
Information	20/05/16 1:41:09 PM	Refreshed - False
Information	20/05/16 1:41:09 PM	Tick identified
Information	20/05/16 1:41:10 PM	BB DisConnected
Information	20/05/16 1:43:06 PM	Ideas Refreshed
Information	20/05/16 1:43:06 PM	Refreshed - False
Information	20/05/16 1:43:06 PM	Tick identified
Information	20/05/16 1:43:07 PM	BB DisConnected
Information	20/05/16 1:45:06 PM	Ideas Refreshed
Information	20/05/16 1:45:06 PM	Refreshed - False
Information	20/05/16 1:45:06 PM	Tick identified
Information	20/05/16 1:45:08 PM	BB DisConnected
Information	20/05/16 1:47:07 PM	Ideas Refreshed
Information	20/05/16 1:47:07 PM	Refreshed - False
Information	20/05/16 1:47:07 PM	Tick identified
Information	20/05/16 1:47:08 PM	BB DisConnected
Information	20/05/16 1:49:07 PM	Ideas Refreshed
Information	20/05/16 1:49:07 PM	Refreshed - False
Information	20/05/16 1:49:07 PM	Tick identified
Information	20/05/16 1:49:08 PM	BB DisConnected
Information	20/05/16 1:51:07 PM	Ideas Refreshed
Information	20/05/16 1:51:07 PM	Refreshed - False
Information	20/05/16 1:51:07 PM	Tick identified
Information	20/05/16 1:51:08 PM	BB DisConnected
Information	20/05/16 1:53:07 PM	Ideas Refreshed
Information	20/05/16 1:53:07 PM	Refreshed - False
Information	20/05/16 1:53:07 PM	Tick identified
Information	20/05/16 1:53:08 PM	BB DisConnected
Information	20/05/16 1:55:06 PM	Ideas Refreshed
Information	20/05/16 1:55:06 PM	Refreshed - False
Information	20/05/16 1:55:06 PM	Tick identified
Information	20/05/16 1:55:08 PM	BB DisConnected
Information	20/05/16 1:57:06 PM	Ideas Refreshed
Information	20/05/16 1:57:06 PM	Refreshed - False
Information	20/05/16 1:57:06 PM	Tick identified
Information	20/05/16 1:57:08 PM	BB DisConnected
Information	20/05/16 1:59:07 PM	Ideas Refreshed
Information	20/05/16 1:59:07 PM	Refreshed - False
Information	20/05/16 1:59:07 PM	Tick identified
Information	20/05/16 1:59:08 PM	BB DisConnected
Information	20/05/16 2:01:06 PM	Ideas Refreshed
Information	20/05/16 2:01:06 PM	Refreshed - False
Information	20/05/16 2:01:06 PM	Tick identified
Information	20/05/16 2:01:08 PM	BB DisConnected
Information	20/05/16 2:03:07 PM	Ideas Refreshed
Information	20/05/16 2:03:07 PM	Refreshed - False
Information	20/05/16 2:03:07 PM	Tick identified
Information	20/05/16 2:03:08 PM	BB DisConnected
Information	20/05/16 2:05:07 PM	Ideas Refreshed
Information	20/05/16 2:05:07 PM	Refreshed - False
Information	20/05/16 2:05:07 PM	Tick identified
Information	20/05/16 2:05:08 PM	BB DisConnected
Information	20/05/16 2:07:07 PM	Ideas Refreshed
Information	20/05/16 2:07:07 PM	Refreshed - False
Information	20/05/16 2:07:07 PM	Tick identified
Information	20/05/16 2:07:08 PM	BB DisConnected
Information	20/05/16 2:09:07 PM	Ideas Refreshed
Information	20/05/16 2:09:07 PM	Refreshed - False
Information	20/05/16 2:09:07 PM	Tick identified
Information	20/05/16 2:09:08 PM	BB DisConnected
Information	20/05/16 2:11:07 PM	Ideas Refreshed
Information	20/05/16 2:11:07 PM	Refreshed - False
Information	20/05/16 2:11:07 PM	Tick identified
Information	20/05/16 2:11:08 PM	BB DisConnected
Information	20/05/16 2:13:07 PM	Ideas Refreshed
Information	20/05/16 2:13:07 PM	Refreshed - False
Information	20/05/16 2:13:07 PM	Tick identified
Information	20/05/16 2:13:08 PM	BB DisConnected
Information	20/05/16 2:15:07 PM	Ideas Refreshed
Information	20/05/16 2:15:07 PM	Refreshed - False
Information	20/05/16 2:15:07 PM	Tick identified
Information	20/05/16 2:15:08 PM	BB DisConnected
Information	20/05/16 2:17:07 PM	Ideas Refreshed
Information	20/05/16 2:17:07 PM	Refreshed - False
Information	20/05/16 2:17:07 PM	Tick identified
Information	20/05/16 2:17:08 PM	BB DisConnected
Information	20/05/16 2:19:07 PM	Ideas Refreshed
Information	20/05/16 2:19:07 PM	Refreshed - False
Information	20/05/16 2:19:07 PM	Tick identified
Information	20/05/16 2:19:08 PM	BB DisConnected
Information	20/05/16 2:21:07 PM	Ideas Refreshed
Information	20/05/16 2:21:07 PM	Refreshed - False
Information	20/05/16 2:21:07 PM	Tick identified
Information	20/05/16 2:21:08 PM	BB DisConnected
Information	20/05/16 2:23:07 PM	Ideas Refreshed
Information	20/05/16 2:23:07 PM	Refreshed - False
Information	20/05/16 2:23:07 PM	Tick identified
Information	20/05/16 2:23:08 PM	BB DisConnected
Information	20/05/16 2:25:07 PM	Ideas Refreshed
Information	20/05/16 2:25:07 PM	Refreshed - False
Information	20/05/16 2:25:07 PM	Tick identified
Information	20/05/16 2:25:08 PM	BB DisConnected
Information	20/05/16 2:27:07 PM	Ideas Refreshed
Information	20/05/16 2:27:07 PM	Refreshed - False
Information	20/05/16 2:27:07 PM	Tick identified
Information	20/05/16 2:27:08 PM	BB DisConnected
Information	20/05/16 2:29:08 PM	Ideas Refreshed
Information	20/05/16 2:29:08 PM	Refreshed - False
Information	20/05/16 2:29:08 PM	Tick identified
Information	20/05/16 2:29:09 PM	BB DisConnected
Information	20/05/16 2:31:07 PM	Ideas Refreshed
Information	20/05/16 2:31:07 PM	Refreshed - False
Information	20/05/16 2:31:07 PM	Tick identified
Information	20/05/16 2:31:08 PM	BB DisConnected
Information	20/05/16 2:33:08 PM	Ideas Refreshed
Information	20/05/16 2:33:08 PM	Refreshed - False
Information	20/05/16 2:33:08 PM	Tick identified
Information	20/05/16 2:33:09 PM	BB DisConnected
Information	20/05/16 2:35:07 PM	Ideas Refreshed
Information	20/05/16 2:35:07 PM	Refreshed - False
Information	20/05/16 2:35:07 PM	Tick identified
Information	20/05/16 2:35:08 PM	BB DisConnected
Information	20/05/16 2:37:07 PM	Ideas Refreshed
Information	20/05/16 2:37:07 PM	Refreshed - False
Information	20/05/16 2:37:07 PM	Tick identified
Information	20/05/16 2:37:08 PM	BB DisConnected
Information	20/05/16 2:39:07 PM	Ideas Refreshed
Information	20/05/16 2:39:07 PM	Refreshed - False
Information	20/05/16 2:39:07 PM	Tick identified
Information	20/05/16 2:39:08 PM	BB DisConnected
Information	20/05/16 2:41:07 PM	Ideas Refreshed
Information	20/05/16 2:41:07 PM	Refreshed - False
Information	20/05/16 2:41:07 PM	Tick identified
Information	20/05/16 2:41:08 PM	BB DisConnected
Information	20/05/16 2:43:07 PM	Ideas Refreshed
Information	20/05/16 2:43:07 PM	Refreshed - False
Information	20/05/16 2:43:07 PM	Tick identified
Information	20/05/16 2:43:08 PM	BB DisConnected
Information	20/05/16 2:45:08 PM	Ideas Refreshed
Information	20/05/16 2:45:08 PM	Refreshed - False
Information	20/05/16 2:45:08 PM	Tick identified
Information	20/05/16 2:45:09 PM	BB DisConnected
Information	20/05/16 2:47:07 PM	Ideas Refreshed
Information	20/05/16 2:47:07 PM	Refreshed - False
Information	20/05/16 2:47:07 PM	Tick identified
Information	20/05/16 2:47:08 PM	BB DisConnected
Information	20/05/16 2:49:07 PM	Ideas Refreshed
Information	20/05/16 2:49:07 PM	Refreshed - False
Information	20/05/16 2:49:07 PM	Tick identified
Information	20/05/16 2:49:08 PM	BB DisConnected
Information	20/05/16 2:51:07 PM	Ideas Refreshed
Information	20/05/16 2:51:07 PM	Refreshed - False
Information	20/05/16 2:51:07 PM	Tick identified
Information	20/05/16 2:51:08 PM	BB DisConnected
Information	20/05/16 2:53:07 PM	Ideas Refreshed
Information	20/05/16 2:53:07 PM	Refreshed - False
Information	20/05/16 2:53:07 PM	Tick identified
Information	20/05/16 2:53:08 PM	BB DisConnected
Information	20/05/16 2:55:07 PM	Ideas Refreshed
Information	20/05/16 2:55:07 PM	Refreshed - False
Information	20/05/16 2:55:07 PM	Tick identified
Information	20/05/16 2:55:08 PM	BB DisConnected
Information	20/05/16 2:57:09 PM	Ideas Refreshed
Information	20/05/16 2:57:09 PM	Refreshed - False
Information	20/05/16 2:57:09 PM	Tick identified
Information	20/05/16 2:57:10 PM	BB DisConnected
Information	20/05/16 2:59:07 PM	Ideas Refreshed
Information	20/05/16 2:59:07 PM	Refreshed - False
Information	20/05/16 2:59:07 PM	Tick identified
Information	20/05/16 2:59:08 PM	BB DisConnected
Information	20/05/16 3:01:07 PM	Ideas Refreshed
Information	20/05/16 3:01:07 PM	Refreshed - False
Information	20/05/16 3:01:07 PM	Tick identified
Information	20/05/16 3:01:08 PM	BB DisConnected
Information	20/05/16 3:03:08 PM	Ideas Refreshed
Information	20/05/16 3:03:08 PM	Refreshed - False
Information	20/05/16 3:03:08 PM	Tick identified
Information	20/05/16 3:03:09 PM	BB DisConnected
Information	20/05/16 3:05:07 PM	Ideas Refreshed
Information	20/05/16 3:05:07 PM	Refreshed - False
Information	20/05/16 3:05:07 PM	Tick identified
Information	20/05/16 3:05:08 PM	BB DisConnected
Information	20/05/16 3:07:07 PM	Ideas Refreshed
Information	20/05/16 3:07:07 PM	Refreshed - False
Information	20/05/16 3:07:07 PM	Tick identified
Information	20/05/16 3:07:08 PM	BB DisConnected
Information	20/05/16 3:09:07 PM	Ideas Refreshed
Information	20/05/16 3:09:07 PM	Refreshed - False
Information	20/05/16 3:09:07 PM	Tick identified
Information	20/05/16 3:09:08 PM	BB DisConnected
Information	20/05/16 3:11:07 PM	Ideas Refreshed
Information	20/05/16 3:11:07 PM	Refreshed - False
Information	20/05/16 3:11:07 PM	Tick identified
Information	20/05/16 3:11:08 PM	BB DisConnected
Information	20/05/16 3:13:07 PM	Ideas Refreshed
Information	20/05/16 3:13:07 PM	Refreshed - False
Information	20/05/16 3:13:07 PM	Tick identified
Information	20/05/16 3:13:08 PM	BB DisConnected
Information	20/05/16 3:15:07 PM	Ideas Refreshed
Information	20/05/16 3:15:07 PM	Refreshed - False
Information	20/05/16 3:15:07 PM	Tick identified
Information	20/05/16 3:15:08 PM	BB DisConnected
Information	20/05/16 3:17:07 PM	Ideas Refreshed
Information	20/05/16 3:17:07 PM	Refreshed - False
Information	20/05/16 3:17:07 PM	Tick identified
Information	20/05/16 3:17:09 PM	BB DisConnected
Information	20/05/16 3:19:07 PM	Ideas Refreshed
Information	20/05/16 3:19:07 PM	Refreshed - False
Information	20/05/16 3:19:07 PM	Tick identified
Information	20/05/16 3:19:08 PM	BB DisConnected
Information	20/05/16 3:21:07 PM	Ideas Refreshed
Information	20/05/16 3:21:07 PM	Refreshed - False
Information	20/05/16 3:21:07 PM	Tick identified
Information	20/05/16 3:21:08 PM	BB DisConnected
Information	20/05/16 3:23:07 PM	Ideas Refreshed
Information	20/05/16 3:23:07 PM	Refreshed - False
Information	20/05/16 3:23:07 PM	Tick identified
Information	20/05/16 3:23:08 PM	BB DisConnected
Information	20/05/16 3:25:07 PM	Ideas Refreshed
Information	20/05/16 3:25:07 PM	Refreshed - False
Information	20/05/16 3:25:07 PM	Tick identified
Information	20/05/16 3:25:08 PM	BB DisConnected
Information	20/05/16 3:27:07 PM	Ideas Refreshed
Information	20/05/16 3:27:07 PM	Refreshed - False
Information	20/05/16 3:27:07 PM	Tick identified
Information	20/05/16 3:27:08 PM	BB DisConnected
Information	20/05/16 3:29:07 PM	Ideas Refreshed
Information	20/05/16 3:29:07 PM	Refreshed - False
Information	20/05/16 3:29:07 PM	Tick identified
Information	20/05/16 3:29:08 PM	BB DisConnected
Information	20/05/16 3:31:07 PM	Ideas Refreshed
Information	20/05/16 3:31:07 PM	Refreshed - False
Information	20/05/16 3:31:07 PM	Tick identified
Information	20/05/16 3:31:08 PM	BB DisConnected
Information	20/05/16 3:33:07 PM	Ideas Refreshed
Information	20/05/16 3:33:07 PM	Refreshed - False
Information	20/05/16 3:33:07 PM	Tick identified
Information	20/05/16 3:33:08 PM	BB DisConnected
Information	20/05/16 3:35:07 PM	Ideas Refreshed
Information	20/05/16 3:35:07 PM	Refreshed - False
Information	20/05/16 3:35:07 PM	Tick identified
Information	20/05/16 3:35:08 PM	BB DisConnected
Information	20/05/16 3:37:07 PM	Ideas Refreshed
Information	20/05/16 3:37:07 PM	Refreshed - False
Information	20/05/16 3:37:07 PM	Tick identified
Information	20/05/16 3:37:08 PM	BB DisConnected
Information	20/05/16 3:39:07 PM	Ideas Refreshed
Information	20/05/16 3:39:07 PM	Refreshed - False
Information	20/05/16 3:39:07 PM	Tick identified
Information	20/05/16 3:39:08 PM	BB DisConnected
Information	20/05/16 3:41:07 PM	Ideas Refreshed
Information	20/05/16 3:41:07 PM	Refreshed - False
Information	20/05/16 3:41:07 PM	Tick identified
Information	20/05/16 3:41:08 PM	BB DisConnected
Information	20/05/16 3:43:07 PM	Ideas Refreshed
Information	20/05/16 3:43:07 PM	Refreshed - False
Information	20/05/16 3:43:07 PM	Tick identified
Information	20/05/16 3:43:08 PM	BB DisConnected
Information	20/05/16 3:45:07 PM	Ideas Refreshed
Information	20/05/16 3:45:07 PM	Refreshed - False
Information	20/05/16 3:45:07 PM	Tick identified
Information	20/05/16 3:45:08 PM	BB DisConnected
Information	20/05/16 3:47:07 PM	Ideas Refreshed
Information	20/05/16 3:47:07 PM	Refreshed - False
Information	20/05/16 3:47:07 PM	Tick identified
Information	20/05/16 3:47:08 PM	BB DisConnected
Information	20/05/16 3:49:07 PM	Ideas Refreshed
Information	20/05/16 3:49:07 PM	Refreshed - False
Information	20/05/16 3:49:07 PM	Tick identified
Information	20/05/16 3:49:08 PM	BB DisConnected
Information	20/05/16 3:51:07 PM	Ideas Refreshed
Information	20/05/16 3:51:07 PM	Refreshed - False
Information	20/05/16 3:51:07 PM	Tick identified
Information	20/05/16 3:51:08 PM	BB DisConnected
Information	20/05/16 3:53:07 PM	Ideas Refreshed
Information	20/05/16 3:53:07 PM	Refreshed - False
Information	20/05/16 3:53:07 PM	Tick identified
Information	20/05/16 3:53:09 PM	BB DisConnected
Information	20/05/16 3:55:07 PM	Ideas Refreshed
Information	20/05/16 3:55:07 PM	Refreshed - False
Information	20/05/16 3:55:07 PM	Tick identified
Information	20/05/16 3:55:08 PM	BB DisConnected
Information	20/05/16 3:57:07 PM	Ideas Refreshed
Information	20/05/16 3:57:07 PM	Refreshed - False
Information	20/05/16 3:57:07 PM	Tick identified
Information	20/05/16 3:57:08 PM	BB DisConnected
Information	20/05/16 3:59:07 PM	Ideas Refreshed
Information	20/05/16 3:59:07 PM	Refreshed - False
Information	20/05/16 3:59:07 PM	Tick identified
Information	20/05/16 3:59:08 PM	BB DisConnected
Information	20/05/16 4:01:07 PM	Ideas Refreshed
Information	20/05/16 4:01:07 PM	Refreshed - False
Information	20/05/16 4:01:07 PM	Tick identified
Information	20/05/16 4:01:08 PM	BB DisConnected
Information	20/05/16 4:03:07 PM	Ideas Refreshed
Information	20/05/16 4:03:07 PM	Refreshed - False
Information	20/05/16 4:03:07 PM	Tick identified
Information	20/05/16 4:03:08 PM	BB DisConnected
Information	20/05/16 4:05:07 PM	Ideas Refreshed
Information	20/05/16 4:05:07 PM	Refreshed - False
Information	20/05/16 4:05:07 PM	Tick identified
Information	20/05/16 4:05:08 PM	BB DisConnected
Information	20/05/16 4:07:07 PM	Ideas Refreshed
Information	20/05/16 4:07:07 PM	Refreshed - False
Information	20/05/16 4:07:07 PM	Tick identified
Information	20/05/16 4:07:08 PM	BB DisConnected
Information	20/05/16 4:09:07 PM	Ideas Refreshed
Information	20/05/16 4:09:07 PM	Refreshed - False
Information	20/05/16 4:09:07 PM	Tick identified
Information	20/05/16 4:09:09 PM	BB DisConnected
Information	20/05/16 4:11:07 PM	Ideas Refreshed
Information	20/05/16 4:11:07 PM	Refreshed - False
Information	20/05/16 4:11:07 PM	Tick identified
Information	20/05/16 4:11:09 PM	BB DisConnected
Information	20/05/16 4:13:07 PM	Ideas Refreshed
Information	20/05/16 4:13:07 PM	Refreshed - False
Information	20/05/16 4:13:07 PM	Tick identified
Information	20/05/16 4:13:09 PM	BB DisConnected
Information	20/05/16 4:15:07 PM	Ideas Refreshed
Information	20/05/16 4:15:07 PM	Refreshed - False
Information	20/05/16 4:15:07 PM	Tick identified
Information	20/05/16 4:15:09 PM	BB DisConnected
Information	20/05/16 4:17:07 PM	Ideas Refreshed
Information	20/05/16 4:17:07 PM	Refreshed - False
Information	20/05/16 4:17:07 PM	Tick identified
Information	20/05/16 4:17:09 PM	BB DisConnected
Information	20/05/16 4:19:08 PM	Ideas Refreshed
Information	20/05/16 4:19:08 PM	Refreshed - False
Information	20/05/16 4:19:08 PM	Tick identified
Information	20/05/16 4:19:09 PM	BB DisConnected
Information	20/05/16 4:21:07 PM	Ideas Refreshed
Information	20/05/16 4:21:07 PM	Refreshed - False
Information	20/05/16 4:21:07 PM	Tick identified
Information	20/05/16 4:21:08 PM	BB DisConnected
Information	20/05/16 4:23:07 PM	Ideas Refreshed
Information	20/05/16 4:23:07 PM	Refreshed - False
Information	20/05/16 4:23:07 PM	Tick identified
Information	20/05/16 4:23:09 PM	BB DisConnected
Information	20/05/16 4:25:08 PM	Ideas Refreshed
Information	20/05/16 4:25:08 PM	Refreshed - False
Information	20/05/16 4:25:08 PM	Tick identified
Information	20/05/16 4:25:09 PM	BB DisConnected
Information	20/05/16 4:27:08 PM	Ideas Refreshed
Information	20/05/16 4:27:08 PM	Refreshed - False
Information	20/05/16 4:27:08 PM	Tick identified
Information	20/05/16 4:27:09 PM	BB DisConnected
Information	20/05/16 4:29:08 PM	Ideas Refreshed
Information	20/05/16 4:29:08 PM	Refreshed - False
Information	20/05/16 4:29:08 PM	Tick identified
Information	20/05/16 4:29:09 PM	BB DisConnected
Information	20/05/16 4:31:08 PM	Ideas Refreshed
Information	20/05/16 4:31:08 PM	Refreshed - False
Information	20/05/16 4:31:08 PM	Tick identified
Information	20/05/16 4:31:09 PM	BB DisConnected
Information	20/05/16 4:33:08 PM	Ideas Refreshed
Information	20/05/16 4:33:08 PM	Refreshed - False
Information	20/05/16 4:33:08 PM	Tick identified
Information	20/05/16 4:33:09 PM	BB DisConnected
Information	20/05/16 4:35:08 PM	Ideas Refreshed
Information	20/05/16 4:35:08 PM	Refreshed - False
Information	20/05/16 4:35:08 PM	Tick identified
Information	20/05/16 4:35:09 PM	BB DisConnected
Information	20/05/16 4:37:08 PM	Ideas Refreshed
Information	20/05/16 4:37:08 PM	Refreshed - False
Information	20/05/16 4:37:08 PM	Tick identified
Information	20/05/16 4:37:09 PM	BB DisConnected
Information	20/05/16 4:39:07 PM	Ideas Refreshed
Information	20/05/16 4:39:08 PM	Refreshed - False
Information	20/05/16 4:39:08 PM	Tick identified
Information	20/05/16 4:39:09 PM	BB DisConnected
Information	20/05/16 4:41:08 PM	Ideas Refreshed
Information	20/05/16 4:41:08 PM	Refreshed - False
Information	20/05/16 4:41:08 PM	Tick identified
Information	20/05/16 4:41:09 PM	BB DisConnected
Information	20/05/16 4:43:08 PM	Ideas Refreshed
Information	20/05/16 4:43:08 PM	Refreshed - False
Information	20/05/16 4:43:08 PM	Tick identified
Information	20/05/16 4:43:09 PM	BB DisConnected
Information	20/05/16 4:45:08 PM	Ideas Refreshed
Information	20/05/16 4:45:08 PM	Refreshed - False
Information	20/05/16 4:45:08 PM	Tick identified
Information	20/05/16 4:45:09 PM	BB DisConnected
Information	20/05/16 4:47:08 PM	Ideas Refreshed
Information	20/05/16 4:47:08 PM	Refreshed - False
Information	20/05/16 4:47:08 PM	Tick identified
Information	20/05/16 4:47:09 PM	BB DisConnected
Information	20/05/16 4:49:08 PM	Ideas Refreshed
Information	20/05/16 4:49:08 PM	Refreshed - False
Information	20/05/16 4:49:08 PM	Tick identified
Information	20/05/16 4:49:09 PM	BB DisConnected
Information	20/05/16 4:51:08 PM	Ideas Refreshed
Information	20/05/16 4:51:08 PM	Refreshed - False
Information	20/05/16 4:51:08 PM	Tick identified
Information	20/05/16 4:51:09 PM	BB DisConnected
Information	20/05/16 4:53:08 PM	Ideas Refreshed
Information	20/05/16 4:53:08 PM	Refreshed - False
Information	20/05/16 4:53:08 PM	Tick identified
Information	20/05/16 4:53:09 PM	BB DisConnected
Information	20/05/16 4:55:08 PM	Ideas Refreshed
Information	20/05/16 4:55:08 PM	Refreshed - False
Information	20/05/16 4:55:08 PM	Tick identified
Information	20/05/16 4:55:09 PM	BB DisConnected
